ERROR - 2023-04-12 01:41:37 --> mysqli_sql_exception: Unknown column 'foto_guru' in 'field list' in C:\xampp\htdocs\siakad-mts\system\Database\MySQLi\Connection.php:295
Stack trace:
#0 C:\xampp\htdocs\siakad-mts\system\Database\MySQLi\Connection.php(295): mysqli->query('INSERT INTO `tb...', 0)
#1 C:\xampp\htdocs\siakad-mts\system\Database\BaseConnection.php(691): CodeIgniter\Database\MySQLi\Connection->execute('INSERT INTO `tb...')
#2 C:\xampp\htdocs\siakad-mts\system\Database\BaseConnection.php(605): CodeIgniter\Database\BaseConnection->simpleQuery('INSERT INTO `tb...')
#3 C:\xampp\htdocs\siakad-mts\system\Database\BaseBuilder.php(2309): CodeIgniter\Database\BaseConnection->query('INSERT INTO `tb...', Array, false)
#4 C:\xampp\htdocs\siakad-mts\app\Models\ModelGuru.php(23): CodeIgniter\Database\BaseBuilder->insert(Array)
#5 C:\xampp\htdocs\siakad-mts\app\Controllers\Guru.php(109): App\Models\ModelGuru->add(Array)
#6 C:\xampp\htdocs\siakad-mts\system\CodeIgniter.php(934): App\Controllers\Guru->insert()
#7 C:\xampp\htdocs\siakad-mts\system\CodeIgniter.php(499): CodeIgniter\CodeIgniter->runController(Object(App\Controllers\Guru))
#8 C:\xampp\htdocs\siakad-mts\system\CodeIgniter.php(368): CodeIgniter\CodeIgniter->handleRequest(NULL, Object(Config\Cache), false)
#9 C:\xampp\htdocs\siakad-mts\public\index.php(67): CodeIgniter\CodeIgniter->run()
#10 {main}
CRITICAL - 2023-04-12 01:41:37 --> Unknown column 'foto_guru' in 'field list'
in SYSTEMPATH\Database\MySQLi\Connection.php on line 295.
 1 SYSTEMPATH\Database\MySQLi\Connection.php(295): mysqli->query('INSERT INTO `tbl_guru` (`nip`, `password`, `nama_guru`, `jenis_kelamin`, `no_telepon`, `id_status`, `foto_guru`) VALUES (\'201011400111\', \'201011400111\', \'Pipuy Alya Cahyani, S.M\', \'Perempuan\', \'087377373832\', \'5\', \'1681263697_8839a05021fced2bb6ea.jpg\')', 0)
 2 SYSTEMPATH\Database\BaseConnection.php(691): CodeIgniter\Database\MySQLi\Connection->execute('INSERT INTO `tbl_guru` (`nip`, `password`, `nama_guru`, `jenis_kelamin`, `no_telepon`, `id_status`, `foto_guru`) VALUES (\'201011400111\', \'201011400111\', \'Pipuy Alya Cahyani, S.M\', \'Perempuan\', \'087377373832\', \'5\', \'1681263697_8839a05021fced2bb6ea.jpg\')')
 3 SYSTEMPATH\Database\BaseConnection.php(605): CodeIgniter\Database\BaseConnection->simpleQuery('INSERT INTO `tbl_guru` (`nip`, `password`, `nama_guru`, `jenis_kelamin`, `no_telepon`, `id_status`, `foto_guru`) VALUES (\'201011400111\', \'201011400111\', \'Pipuy Alya Cahyani, S.M\', \'Perempuan\', \'087377373832\', \'5\', \'1681263697_8839a05021fced2bb6ea.jpg\')')
 4 SYSTEMPATH\Database\BaseBuilder.php(2309): CodeIgniter\Database\BaseConnection->query('INSERT INTO `tbl_guru` (`nip`, `password`, `nama_guru`, `jenis_kelamin`, `no_telepon`, `id_status`, `foto_guru`) VALUES (:nip:, :password:, :nama_guru:, :jenis_kelamin:, :no_telepon:, :id_status:, :foto_guru:)', [...], false)
 5 APPPATH\Models\ModelGuru.php(23): CodeIgniter\Database\BaseBuilder->insert([...])
 6 APPPATH\Controllers\Guru.php(109): App\Models\ModelGuru->add([...])
 7 SYSTEMPATH\CodeIgniter.php(934): App\Controllers\Guru->insert()
 8 SYSTEMPATH\CodeIgniter.php(499): CodeIgniter\CodeIgniter->runController(Object(App\Controllers\Guru))
 9 SYSTEMPATH\CodeIgniter.php(368): CodeIgniter\CodeIgniter->handleRequest(null, Object(Config\Cache), false)
10 FCPATH\index.php(67): CodeIgniter\CodeIgniter->run()
CRITICAL - 2023-04-12 02:08:51 --> Undefined array key "foto"
in APPPATH\Views\admin\guru\index.php on line 55.
 1 APPPATH\Views\admin\guru\index.php(55): CodeIgniter\Debug\Exceptions->errorHandler(2, 'Undefined array key "foto"', 'C:\\xampp\\htdocs\\siakad-mts\\app\\Views\\admin\\guru\\index.php', 55)
 2 SYSTEMPATH\View\View.php(213): include('C:\\xampp\\htdocs\\siakad-mts\\app\\Views\\admin\\guru\\index.php')
 3 SYSTEMPATH\View\View.php(216): CodeIgniter\View\View->CodeIgniter\View\{closure}()
 4 SYSTEMPATH\Common.php(1184): CodeIgniter\View\View->render('admin/guru/index', [], true)
 5 APPPATH\Views\layout\content.php(4): view('admin/guru/index')
 6 SYSTEMPATH\View\View.php(213): include('C:\\xampp\\htdocs\\siakad-mts\\app\\Views\\layout\\content.php')
 7 SYSTEMPATH\View\View.php(216): CodeIgniter\View\View->CodeIgniter\View\{closure}()
 8 SYSTEMPATH\Common.php(1184): CodeIgniter\View\View->render('layout/content', [], true)
 9 APPPATH\Views\layout\wrapper.php(6): view('layout/content')
10 SYSTEMPATH\View\View.php(213): include('C:\\xampp\\htdocs\\siakad-mts\\app\\Views\\layout\\wrapper.php')
11 SYSTEMPATH\View\View.php(216): CodeIgniter\View\View->CodeIgniter\View\{closure}()
12 SYSTEMPATH\Common.php(1184): CodeIgniter\View\View->render('layout/wrapper', [], true)
13 APPPATH\Controllers\Guru.php(24): view('layout/wrapper', [...])
14 SYSTEMPATH\CodeIgniter.php(934): App\Controllers\Guru->index()
15 SYSTEMPATH\CodeIgniter.php(499): CodeIgniter\CodeIgniter->runController(Object(App\Controllers\Guru))
16 SYSTEMPATH\CodeIgniter.php(368): CodeIgniter\CodeIgniter->handleRequest(null, Object(Config\Cache), false)
17 FCPATH\index.php(67): CodeIgniter\CodeIgniter->run()
CRITICAL - 2023-04-12 02:22:33 --> Undefined array key "foto"
in APPPATH\Controllers\Guru.php on line 241.
 1 APPPATH\Controllers\Guru.php(241): CodeIgniter\Debug\Exceptions->errorHandler(2, 'Undefined array key "foto"', 'C:\\xampp\\htdocs\\siakad-mts\\app\\Controllers\\Guru.php', 241)
 2 SYSTEMPATH\CodeIgniter.php(934): App\Controllers\Guru->delete('18')
 3 SYSTEMPATH\CodeIgniter.php(499): CodeIgniter\CodeIgniter->runController(Object(App\Controllers\Guru))
 4 SYSTEMPATH\CodeIgniter.php(368): CodeIgniter\CodeIgniter->handleRequest(null, Object(Config\Cache), false)
 5 FCPATH\index.php(67): CodeIgniter\CodeIgniter->run()
CRITICAL - 2023-04-12 02:37:23 --> Undefined variable $status
in APPPATH\Views\admin\guru\edit.php on line 66.
 1 APPPATH\Views\admin\guru\edit.php(66): CodeIgniter\Debug\Exceptions->errorHandler(2, 'Undefined variable $status', 'C:\\xampp\\htdocs\\siakad-mts\\app\\Views\\admin\\guru\\edit.php', 66)
 2 SYSTEMPATH\View\View.php(213): include('C:\\xampp\\htdocs\\siakad-mts\\app\\Views\\admin\\guru\\edit.php')
 3 SYSTEMPATH\View\View.php(216): CodeIgniter\View\View->CodeIgniter\View\{closure}()
 4 SYSTEMPATH\Common.php(1184): CodeIgniter\View\View->render('admin/guru/edit', [], true)
 5 APPPATH\Views\layout\content.php(4): view('admin/guru/edit')
 6 SYSTEMPATH\View\View.php(213): include('C:\\xampp\\htdocs\\siakad-mts\\app\\Views\\layout\\content.php')
 7 SYSTEMPATH\View\View.php(216): CodeIgniter\View\View->CodeIgniter\View\{closure}()
 8 SYSTEMPATH\Common.php(1184): CodeIgniter\View\View->render('layout/content', [], true)
 9 APPPATH\Views\layout\wrapper.php(6): view('layout/content')
10 SYSTEMPATH\View\View.php(213): include('C:\\xampp\\htdocs\\siakad-mts\\app\\Views\\layout\\wrapper.php')
11 SYSTEMPATH\View\View.php(216): CodeIgniter\View\View->CodeIgniter\View\{closure}()
12 SYSTEMPATH\Common.php(1184): CodeIgniter\View\View->render('layout/wrapper', [], true)
13 APPPATH\Controllers\Guru.php(132): view('layout/wrapper', [...])
14 SYSTEMPATH\CodeIgniter.php(934): App\Controllers\Guru->edit('20')
15 SYSTEMPATH\CodeIgniter.php(499): CodeIgniter\CodeIgniter->runController(Object(App\Controllers\Guru))
16 SYSTEMPATH\CodeIgniter.php(368): CodeIgniter\CodeIgniter->handleRequest(null, Object(Config\Cache), false)
17 FCPATH\index.php(67): CodeIgniter\CodeIgniter->run()
CRITICAL - 2023-04-12 03:11:42 --> Invalid file: "admin/v_romkel.php"
in SYSTEMPATH\Exceptions\FrameworkException.php on line 33.
 1 SYSTEMPATH\View\View.php(201): CodeIgniter\Exceptions\FrameworkException::forInvalidFile('admin/v_romkel.php')
 2 SYSTEMPATH\Common.php(1184): CodeIgniter\View\View->render('admin/v_romkel', [], true)
 3 APPPATH\Views\layout\content.php(4): view('admin/v_romkel')
 4 SYSTEMPATH\View\View.php(213): include('C:\\xampp\\htdocs\\siakad-mts\\app\\Views\\layout\\content.php')
 5 SYSTEMPATH\View\View.php(216): CodeIgniter\View\View->CodeIgniter\View\{closure}()
 6 SYSTEMPATH\Common.php(1184): CodeIgniter\View\View->render('layout/content', [], true)
 7 APPPATH\Views\layout\wrapper.php(6): view('layout/content')
 8 SYSTEMPATH\View\View.php(213): include('C:\\xampp\\htdocs\\siakad-mts\\app\\Views\\layout\\wrapper.php')
 9 SYSTEMPATH\View\View.php(216): CodeIgniter\View\View->CodeIgniter\View\{closure}()
10 SYSTEMPATH\Common.php(1184): CodeIgniter\View\View->render('layout/wrapper', [], true)
11 APPPATH\Controllers\Romkel.php(13): view('layout/wrapper', [...])
12 SYSTEMPATH\CodeIgniter.php(934): App\Controllers\Romkel->index()
13 SYSTEMPATH\CodeIgniter.php(499): CodeIgniter\CodeIgniter->runController(Object(App\Controllers\Romkel))
14 SYSTEMPATH\CodeIgniter.php(368): CodeIgniter\CodeIgniter->handleRequest(null, Object(Config\Cache), false)
15 FCPATH\index.php(67): CodeIgniter\CodeIgniter->run()
CRITICAL - 2023-04-12 03:32:04 --> Class "App\Model\ModelRomkel" not found
in APPPATH\Controllers\Romkel.php on line 11.
 1 SYSTEMPATH\CodeIgniter.php(906): App\Controllers\Romkel->__construct()
 2 SYSTEMPATH\CodeIgniter.php(490): CodeIgniter\CodeIgniter->createController()
 3 SYSTEMPATH\CodeIgniter.php(368): CodeIgniter\CodeIgniter->handleRequest(null, Object(Config\Cache), false)
 4 FCPATH\index.php(67): CodeIgniter\CodeIgniter->run()
CRITICAL - 2023-04-12 03:48:02 --> Unclosed '{' on line 115
in APPPATH\Views\admin\v_romkel.php on line 134.
 1 SYSTEMPATH\View\View.php(216): CodeIgniter\View\View->CodeIgniter\View\{closure}()
 2 SYSTEMPATH\Common.php(1184): CodeIgniter\View\View->render('admin/v_romkel', [], true)
 3 APPPATH\Views\layout\content.php(4): view('admin/v_romkel')
 4 SYSTEMPATH\View\View.php(213): include('C:\\xampp\\htdocs\\siakad-mts\\app\\Views\\layout\\content.php')
 5 SYSTEMPATH\View\View.php(216): CodeIgniter\View\View->CodeIgniter\View\{closure}()
 6 SYSTEMPATH\Common.php(1184): CodeIgniter\View\View->render('layout/content', [], true)
 7 APPPATH\Views\layout\wrapper.php(6): view('layout/content')
 8 SYSTEMPATH\View\View.php(213): include('C:\\xampp\\htdocs\\siakad-mts\\app\\Views\\layout\\wrapper.php')
 9 SYSTEMPATH\View\View.php(216): CodeIgniter\View\View->CodeIgniter\View\{closure}()
10 SYSTEMPATH\Common.php(1184): CodeIgniter\View\View->render('layout/wrapper', [], true)
11 APPPATH\Controllers\Romkel.php(22): view('layout/wrapper', [...])
12 SYSTEMPATH\CodeIgniter.php(934): App\Controllers\Romkel->index()
13 SYSTEMPATH\CodeIgniter.php(499): CodeIgniter\CodeIgniter->runController(Object(App\Controllers\Romkel))
14 SYSTEMPATH\CodeIgniter.php(368): CodeIgniter\CodeIgniter->handleRequest(null, Object(Config\Cache), false)
15 FCPATH\index.php(67): CodeIgniter\CodeIgniter->run()
CRITICAL - 2023-04-12 03:51:55 --> Undefined array key "nama_guru"
in APPPATH\Views\admin\v_romkel.php on line 109.
 1 APPPATH\Views\admin\v_romkel.php(109): CodeIgniter\Debug\Exceptions->errorHandler(2, 'Undefined array key "nama_guru"', 'C:\\xampp\\htdocs\\siakad-mts\\app\\Views\\admin\\v_romkel.php', 109)
 2 SYSTEMPATH\View\View.php(213): include('C:\\xampp\\htdocs\\siakad-mts\\app\\Views\\admin\\v_romkel.php')
 3 SYSTEMPATH\View\View.php(216): CodeIgniter\View\View->CodeIgniter\View\{closure}()
 4 SYSTEMPATH\Common.php(1184): CodeIgniter\View\View->render('admin/v_romkel', [], true)
 5 APPPATH\Views\layout\content.php(4): view('admin/v_romkel')
 6 SYSTEMPATH\View\View.php(213): include('C:\\xampp\\htdocs\\siakad-mts\\app\\Views\\layout\\content.php')
 7 SYSTEMPATH\View\View.php(216): CodeIgniter\View\View->CodeIgniter\View\{closure}()
 8 SYSTEMPATH\Common.php(1184): CodeIgniter\View\View->render('layout/content', [], true)
 9 APPPATH\Views\layout\wrapper.php(6): view('layout/content')
10 SYSTEMPATH\View\View.php(213): include('C:\\xampp\\htdocs\\siakad-mts\\app\\Views\\layout\\wrapper.php')
11 SYSTEMPATH\View\View.php(216): CodeIgniter\View\View->CodeIgniter\View\{closure}()
12 SYSTEMPATH\Common.php(1184): CodeIgniter\View\View->render('layout/wrapper', [], true)
13 APPPATH\Controllers\Romkel.php(25): view('layout/wrapper', [...])
14 SYSTEMPATH\CodeIgniter.php(934): App\Controllers\Romkel->index()
15 SYSTEMPATH\CodeIgniter.php(499): CodeIgniter\CodeIgniter->runController(Object(App\Controllers\Romkel))
16 SYSTEMPATH\CodeIgniter.php(368): CodeIgniter\CodeIgniter->handleRequest(null, Object(Config\Cache), false)
17 FCPATH\index.php(67): CodeIgniter\CodeIgniter->run()
CRITICAL - 2023-04-12 03:53:30 --> Undefined array key "nama_guru"
in APPPATH\Views\admin\v_romkel.php on line 109.
 1 APPPATH\Views\admin\v_romkel.php(109): CodeIgniter\Debug\Exceptions->errorHandler(2, 'Undefined array key "nama_guru"', 'C:\\xampp\\htdocs\\siakad-mts\\app\\Views\\admin\\v_romkel.php', 109)
 2 SYSTEMPATH\View\View.php(213): include('C:\\xampp\\htdocs\\siakad-mts\\app\\Views\\admin\\v_romkel.php')
 3 SYSTEMPATH\View\View.php(216): CodeIgniter\View\View->CodeIgniter\View\{closure}()
 4 SYSTEMPATH\Common.php(1184): CodeIgniter\View\View->render('admin/v_romkel', [], true)
 5 APPPATH\Views\layout\content.php(4): view('admin/v_romkel')
 6 SYSTEMPATH\View\View.php(213): include('C:\\xampp\\htdocs\\siakad-mts\\app\\Views\\layout\\content.php')
 7 SYSTEMPATH\View\View.php(216): CodeIgniter\View\View->CodeIgniter\View\{closure}()
 8 SYSTEMPATH\Common.php(1184): CodeIgniter\View\View->render('layout/content', [], true)
 9 APPPATH\Views\layout\wrapper.php(6): view('layout/content')
10 SYSTEMPATH\View\View.php(213): include('C:\\xampp\\htdocs\\siakad-mts\\app\\Views\\layout\\wrapper.php')
11 SYSTEMPATH\View\View.php(216): CodeIgniter\View\View->CodeIgniter\View\{closure}()
12 SYSTEMPATH\Common.php(1184): CodeIgniter\View\View->render('layout/wrapper', [], true)
13 APPPATH\Controllers\Romkel.php(25): view('layout/wrapper', [...])
14 SYSTEMPATH\CodeIgniter.php(934): App\Controllers\Romkel->index()
15 SYSTEMPATH\CodeIgniter.php(499): CodeIgniter\CodeIgniter->runController(Object(App\Controllers\Romkel))
16 SYSTEMPATH\CodeIgniter.php(368): CodeIgniter\CodeIgniter->handleRequest(null, Object(Config\Cache), false)
17 FCPATH\index.php(67): CodeIgniter\CodeIgniter->run()
CRITICAL - 2023-04-12 03:53:31 --> Undefined array key "nama_guru"
in APPPATH\Views\admin\v_romkel.php on line 109.
 1 APPPATH\Views\admin\v_romkel.php(109): CodeIgniter\Debug\Exceptions->errorHandler(2, 'Undefined array key "nama_guru"', 'C:\\xampp\\htdocs\\siakad-mts\\app\\Views\\admin\\v_romkel.php', 109)
 2 SYSTEMPATH\View\View.php(213): include('C:\\xampp\\htdocs\\siakad-mts\\app\\Views\\admin\\v_romkel.php')
 3 SYSTEMPATH\View\View.php(216): CodeIgniter\View\View->CodeIgniter\View\{closure}()
 4 SYSTEMPATH\Common.php(1184): CodeIgniter\View\View->render('admin/v_romkel', [], true)
 5 APPPATH\Views\layout\content.php(4): view('admin/v_romkel')
 6 SYSTEMPATH\View\View.php(213): include('C:\\xampp\\htdocs\\siakad-mts\\app\\Views\\layout\\content.php')
 7 SYSTEMPATH\View\View.php(216): CodeIgniter\View\View->CodeIgniter\View\{closure}()
 8 SYSTEMPATH\Common.php(1184): CodeIgniter\View\View->render('layout/content', [], true)
 9 APPPATH\Views\layout\wrapper.php(6): view('layout/content')
10 SYSTEMPATH\View\View.php(213): include('C:\\xampp\\htdocs\\siakad-mts\\app\\Views\\layout\\wrapper.php')
11 SYSTEMPATH\View\View.php(216): CodeIgniter\View\View->CodeIgniter\View\{closure}()
12 SYSTEMPATH\Common.php(1184): CodeIgniter\View\View->render('layout/wrapper', [], true)
13 APPPATH\Controllers\Romkel.php(25): view('layout/wrapper', [...])
14 SYSTEMPATH\CodeIgniter.php(934): App\Controllers\Romkel->index()
15 SYSTEMPATH\CodeIgniter.php(499): CodeIgniter\CodeIgniter->runController(Object(App\Controllers\Romkel))
16 SYSTEMPATH\CodeIgniter.php(368): CodeIgniter\CodeIgniter->handleRequest(null, Object(Config\Cache), false)
17 FCPATH\index.php(67): CodeIgniter\CodeIgniter->run()
CRITICAL - 2023-04-12 03:53:31 --> Undefined array key "nama_guru"
in APPPATH\Views\admin\v_romkel.php on line 109.
 1 APPPATH\Views\admin\v_romkel.php(109): CodeIgniter\Debug\Exceptions->errorHandler(2, 'Undefined array key "nama_guru"', 'C:\\xampp\\htdocs\\siakad-mts\\app\\Views\\admin\\v_romkel.php', 109)
 2 SYSTEMPATH\View\View.php(213): include('C:\\xampp\\htdocs\\siakad-mts\\app\\Views\\admin\\v_romkel.php')
 3 SYSTEMPATH\View\View.php(216): CodeIgniter\View\View->CodeIgniter\View\{closure}()
 4 SYSTEMPATH\Common.php(1184): CodeIgniter\View\View->render('admin/v_romkel', [], true)
 5 APPPATH\Views\layout\content.php(4): view('admin/v_romkel')
 6 SYSTEMPATH\View\View.php(213): include('C:\\xampp\\htdocs\\siakad-mts\\app\\Views\\layout\\content.php')
 7 SYSTEMPATH\View\View.php(216): CodeIgniter\View\View->CodeIgniter\View\{closure}()
 8 SYSTEMPATH\Common.php(1184): CodeIgniter\View\View->render('layout/content', [], true)
 9 APPPATH\Views\layout\wrapper.php(6): view('layout/content')
10 SYSTEMPATH\View\View.php(213): include('C:\\xampp\\htdocs\\siakad-mts\\app\\Views\\layout\\wrapper.php')
11 SYSTEMPATH\View\View.php(216): CodeIgniter\View\View->CodeIgniter\View\{closure}()
12 SYSTEMPATH\Common.php(1184): CodeIgniter\View\View->render('layout/wrapper', [], true)
13 APPPATH\Controllers\Romkel.php(25): view('layout/wrapper', [...])
14 SYSTEMPATH\CodeIgniter.php(934): App\Controllers\Romkel->index()
15 SYSTEMPATH\CodeIgniter.php(499): CodeIgniter\CodeIgniter->runController(Object(App\Controllers\Romkel))
16 SYSTEMPATH\CodeIgniter.php(368): CodeIgniter\CodeIgniter->handleRequest(null, Object(Config\Cache), false)
17 FCPATH\index.php(67): CodeIgniter\CodeIgniter->run()
CRITICAL - 2023-04-12 03:53:31 --> Undefined array key "nama_guru"
in APPPATH\Views\admin\v_romkel.php on line 109.
 1 APPPATH\Views\admin\v_romkel.php(109): CodeIgniter\Debug\Exceptions->errorHandler(2, 'Undefined array key "nama_guru"', 'C:\\xampp\\htdocs\\siakad-mts\\app\\Views\\admin\\v_romkel.php', 109)
 2 SYSTEMPATH\View\View.php(213): include('C:\\xampp\\htdocs\\siakad-mts\\app\\Views\\admin\\v_romkel.php')
 3 SYSTEMPATH\View\View.php(216): CodeIgniter\View\View->CodeIgniter\View\{closure}()
 4 SYSTEMPATH\Common.php(1184): CodeIgniter\View\View->render('admin/v_romkel', [], true)
 5 APPPATH\Views\layout\content.php(4): view('admin/v_romkel')
 6 SYSTEMPATH\View\View.php(213): include('C:\\xampp\\htdocs\\siakad-mts\\app\\Views\\layout\\content.php')
 7 SYSTEMPATH\View\View.php(216): CodeIgniter\View\View->CodeIgniter\View\{closure}()
 8 SYSTEMPATH\Common.php(1184): CodeIgniter\View\View->render('layout/content', [], true)
 9 APPPATH\Views\layout\wrapper.php(6): view('layout/content')
10 SYSTEMPATH\View\View.php(213): include('C:\\xampp\\htdocs\\siakad-mts\\app\\Views\\layout\\wrapper.php')
11 SYSTEMPATH\View\View.php(216): CodeIgniter\View\View->CodeIgniter\View\{closure}()
12 SYSTEMPATH\Common.php(1184): CodeIgniter\View\View->render('layout/wrapper', [], true)
13 APPPATH\Controllers\Romkel.php(25): view('layout/wrapper', [...])
14 SYSTEMPATH\CodeIgniter.php(934): App\Controllers\Romkel->index()
15 SYSTEMPATH\CodeIgniter.php(499): CodeIgniter\CodeIgniter->runController(Object(App\Controllers\Romkel))
16 SYSTEMPATH\CodeIgniter.php(368): CodeIgniter\CodeIgniter->handleRequest(null, Object(Config\Cache), false)
17 FCPATH\index.php(67): CodeIgniter\CodeIgniter->run()
CRITICAL - 2023-04-12 03:53:32 --> Undefined array key "nama_guru"
in APPPATH\Views\admin\v_romkel.php on line 109.
 1 APPPATH\Views\admin\v_romkel.php(109): CodeIgniter\Debug\Exceptions->errorHandler(2, 'Undefined array key "nama_guru"', 'C:\\xampp\\htdocs\\siakad-mts\\app\\Views\\admin\\v_romkel.php', 109)
 2 SYSTEMPATH\View\View.php(213): include('C:\\xampp\\htdocs\\siakad-mts\\app\\Views\\admin\\v_romkel.php')
 3 SYSTEMPATH\View\View.php(216): CodeIgniter\View\View->CodeIgniter\View\{closure}()
 4 SYSTEMPATH\Common.php(1184): CodeIgniter\View\View->render('admin/v_romkel', [], true)
 5 APPPATH\Views\layout\content.php(4): view('admin/v_romkel')
 6 SYSTEMPATH\View\View.php(213): include('C:\\xampp\\htdocs\\siakad-mts\\app\\Views\\layout\\content.php')
 7 SYSTEMPATH\View\View.php(216): CodeIgniter\View\View->CodeIgniter\View\{closure}()
 8 SYSTEMPATH\Common.php(1184): CodeIgniter\View\View->render('layout/content', [], true)
 9 APPPATH\Views\layout\wrapper.php(6): view('layout/content')
10 SYSTEMPATH\View\View.php(213): include('C:\\xampp\\htdocs\\siakad-mts\\app\\Views\\layout\\wrapper.php')
11 SYSTEMPATH\View\View.php(216): CodeIgniter\View\View->CodeIgniter\View\{closure}()
12 SYSTEMPATH\Common.php(1184): CodeIgniter\View\View->render('layout/wrapper', [], true)
13 APPPATH\Controllers\Romkel.php(25): view('layout/wrapper', [...])
14 SYSTEMPATH\CodeIgniter.php(934): App\Controllers\Romkel->index()
15 SYSTEMPATH\CodeIgniter.php(499): CodeIgniter\CodeIgniter->runController(Object(App\Controllers\Romkel))
16 SYSTEMPATH\CodeIgniter.php(368): CodeIgniter\CodeIgniter->handleRequest(null, Object(Config\Cache), false)
17 FCPATH\index.php(67): CodeIgniter\CodeIgniter->run()
CRITICAL - 2023-04-12 03:53:32 --> Undefined array key "nama_guru"
in APPPATH\Views\admin\v_romkel.php on line 109.
 1 APPPATH\Views\admin\v_romkel.php(109): CodeIgniter\Debug\Exceptions->errorHandler(2, 'Undefined array key "nama_guru"', 'C:\\xampp\\htdocs\\siakad-mts\\app\\Views\\admin\\v_romkel.php', 109)
 2 SYSTEMPATH\View\View.php(213): include('C:\\xampp\\htdocs\\siakad-mts\\app\\Views\\admin\\v_romkel.php')
 3 SYSTEMPATH\View\View.php(216): CodeIgniter\View\View->CodeIgniter\View\{closure}()
 4 SYSTEMPATH\Common.php(1184): CodeIgniter\View\View->render('admin/v_romkel', [], true)
 5 APPPATH\Views\layout\content.php(4): view('admin/v_romkel')
 6 SYSTEMPATH\View\View.php(213): include('C:\\xampp\\htdocs\\siakad-mts\\app\\Views\\layout\\content.php')
 7 SYSTEMPATH\View\View.php(216): CodeIgniter\View\View->CodeIgniter\View\{closure}()
 8 SYSTEMPATH\Common.php(1184): CodeIgniter\View\View->render('layout/content', [], true)
 9 APPPATH\Views\layout\wrapper.php(6): view('layout/content')
10 SYSTEMPATH\View\View.php(213): include('C:\\xampp\\htdocs\\siakad-mts\\app\\Views\\layout\\wrapper.php')
11 SYSTEMPATH\View\View.php(216): CodeIgniter\View\View->CodeIgniter\View\{closure}()
12 SYSTEMPATH\Common.php(1184): CodeIgniter\View\View->render('layout/wrapper', [], true)
13 APPPATH\Controllers\Romkel.php(25): view('layout/wrapper', [...])
14 SYSTEMPATH\CodeIgniter.php(934): App\Controllers\Romkel->index()
15 SYSTEMPATH\CodeIgniter.php(499): CodeIgniter\CodeIgniter->runController(Object(App\Controllers\Romkel))
16 SYSTEMPATH\CodeIgniter.php(368): CodeIgniter\CodeIgniter->handleRequest(null, Object(Config\Cache), false)
17 FCPATH\index.php(67): CodeIgniter\CodeIgniter->run()
CRITICAL - 2023-04-12 03:53:32 --> Undefined array key "nama_guru"
in APPPATH\Views\admin\v_romkel.php on line 109.
 1 APPPATH\Views\admin\v_romkel.php(109): CodeIgniter\Debug\Exceptions->errorHandler(2, 'Undefined array key "nama_guru"', 'C:\\xampp\\htdocs\\siakad-mts\\app\\Views\\admin\\v_romkel.php', 109)
 2 SYSTEMPATH\View\View.php(213): include('C:\\xampp\\htdocs\\siakad-mts\\app\\Views\\admin\\v_romkel.php')
 3 SYSTEMPATH\View\View.php(216): CodeIgniter\View\View->CodeIgniter\View\{closure}()
 4 SYSTEMPATH\Common.php(1184): CodeIgniter\View\View->render('admin/v_romkel', [], true)
 5 APPPATH\Views\layout\content.php(4): view('admin/v_romkel')
 6 SYSTEMPATH\View\View.php(213): include('C:\\xampp\\htdocs\\siakad-mts\\app\\Views\\layout\\content.php')
 7 SYSTEMPATH\View\View.php(216): CodeIgniter\View\View->CodeIgniter\View\{closure}()
 8 SYSTEMPATH\Common.php(1184): CodeIgniter\View\View->render('layout/content', [], true)
 9 APPPATH\Views\layout\wrapper.php(6): view('layout/content')
10 SYSTEMPATH\View\View.php(213): include('C:\\xampp\\htdocs\\siakad-mts\\app\\Views\\layout\\wrapper.php')
11 SYSTEMPATH\View\View.php(216): CodeIgniter\View\View->CodeIgniter\View\{closure}()
12 SYSTEMPATH\Common.php(1184): CodeIgniter\View\View->render('layout/wrapper', [], true)
13 APPPATH\Controllers\Romkel.php(25): view('layout/wrapper', [...])
14 SYSTEMPATH\CodeIgniter.php(934): App\Controllers\Romkel->index()
15 SYSTEMPATH\CodeIgniter.php(499): CodeIgniter\CodeIgniter->runController(Object(App\Controllers\Romkel))
16 SYSTEMPATH\CodeIgniter.php(368): CodeIgniter\CodeIgniter->handleRequest(null, Object(Config\Cache), false)
17 FCPATH\index.php(67): CodeIgniter\CodeIgniter->run()
CRITICAL - 2023-04-12 03:53:32 --> Undefined array key "nama_guru"
in APPPATH\Views\admin\v_romkel.php on line 109.
 1 APPPATH\Views\admin\v_romkel.php(109): CodeIgniter\Debug\Exceptions->errorHandler(2, 'Undefined array key "nama_guru"', 'C:\\xampp\\htdocs\\siakad-mts\\app\\Views\\admin\\v_romkel.php', 109)
 2 SYSTEMPATH\View\View.php(213): include('C:\\xampp\\htdocs\\siakad-mts\\app\\Views\\admin\\v_romkel.php')
 3 SYSTEMPATH\View\View.php(216): CodeIgniter\View\View->CodeIgniter\View\{closure}()
 4 SYSTEMPATH\Common.php(1184): CodeIgniter\View\View->render('admin/v_romkel', [], true)
 5 APPPATH\Views\layout\content.php(4): view('admin/v_romkel')
 6 SYSTEMPATH\View\View.php(213): include('C:\\xampp\\htdocs\\siakad-mts\\app\\Views\\layout\\content.php')
 7 SYSTEMPATH\View\View.php(216): CodeIgniter\View\View->CodeIgniter\View\{closure}()
 8 SYSTEMPATH\Common.php(1184): CodeIgniter\View\View->render('layout/content', [], true)
 9 APPPATH\Views\layout\wrapper.php(6): view('layout/content')
10 SYSTEMPATH\View\View.php(213): include('C:\\xampp\\htdocs\\siakad-mts\\app\\Views\\layout\\wrapper.php')
11 SYSTEMPATH\View\View.php(216): CodeIgniter\View\View->CodeIgniter\View\{closure}()
12 SYSTEMPATH\Common.php(1184): CodeIgniter\View\View->render('layout/wrapper', [], true)
13 APPPATH\Controllers\Romkel.php(25): view('layout/wrapper', [...])
14 SYSTEMPATH\CodeIgniter.php(934): App\Controllers\Romkel->index()
15 SYSTEMPATH\CodeIgniter.php(499): CodeIgniter\CodeIgniter->runController(Object(App\Controllers\Romkel))
16 SYSTEMPATH\CodeIgniter.php(368): CodeIgniter\CodeIgniter->handleRequest(null, Object(Config\Cache), false)
17 FCPATH\index.php(67): CodeIgniter\CodeIgniter->run()
CRITICAL - 2023-04-12 03:53:32 --> Undefined array key "nama_guru"
in APPPATH\Views\admin\v_romkel.php on line 109.
 1 APPPATH\Views\admin\v_romkel.php(109): CodeIgniter\Debug\Exceptions->errorHandler(2, 'Undefined array key "nama_guru"', 'C:\\xampp\\htdocs\\siakad-mts\\app\\Views\\admin\\v_romkel.php', 109)
 2 SYSTEMPATH\View\View.php(213): include('C:\\xampp\\htdocs\\siakad-mts\\app\\Views\\admin\\v_romkel.php')
 3 SYSTEMPATH\View\View.php(216): CodeIgniter\View\View->CodeIgniter\View\{closure}()
 4 SYSTEMPATH\Common.php(1184): CodeIgniter\View\View->render('admin/v_romkel', [], true)
 5 APPPATH\Views\layout\content.php(4): view('admin/v_romkel')
 6 SYSTEMPATH\View\View.php(213): include('C:\\xampp\\htdocs\\siakad-mts\\app\\Views\\layout\\content.php')
 7 SYSTEMPATH\View\View.php(216): CodeIgniter\View\View->CodeIgniter\View\{closure}()
 8 SYSTEMPATH\Common.php(1184): CodeIgniter\View\View->render('layout/content', [], true)
 9 APPPATH\Views\layout\wrapper.php(6): view('layout/content')
10 SYSTEMPATH\View\View.php(213): include('C:\\xampp\\htdocs\\siakad-mts\\app\\Views\\layout\\wrapper.php')
11 SYSTEMPATH\View\View.php(216): CodeIgniter\View\View->CodeIgniter\View\{closure}()
12 SYSTEMPATH\Common.php(1184): CodeIgniter\View\View->render('layout/wrapper', [], true)
13 APPPATH\Controllers\Romkel.php(25): view('layout/wrapper', [...])
14 SYSTEMPATH\CodeIgniter.php(934): App\Controllers\Romkel->index()
15 SYSTEMPATH\CodeIgniter.php(499): CodeIgniter\CodeIgniter->runController(Object(App\Controllers\Romkel))
16 SYSTEMPATH\CodeIgniter.php(368): CodeIgniter\CodeIgniter->handleRequest(null, Object(Config\Cache), false)
17 FCPATH\index.php(67): CodeIgniter\CodeIgniter->run()
CRITICAL - 2023-04-12 03:53:32 --> Undefined array key "nama_guru"
in APPPATH\Views\admin\v_romkel.php on line 109.
 1 APPPATH\Views\admin\v_romkel.php(109): CodeIgniter\Debug\Exceptions->errorHandler(2, 'Undefined array key "nama_guru"', 'C:\\xampp\\htdocs\\siakad-mts\\app\\Views\\admin\\v_romkel.php', 109)
 2 SYSTEMPATH\View\View.php(213): include('C:\\xampp\\htdocs\\siakad-mts\\app\\Views\\admin\\v_romkel.php')
 3 SYSTEMPATH\View\View.php(216): CodeIgniter\View\View->CodeIgniter\View\{closure}()
 4 SYSTEMPATH\Common.php(1184): CodeIgniter\View\View->render('admin/v_romkel', [], true)
 5 APPPATH\Views\layout\content.php(4): view('admin/v_romkel')
 6 SYSTEMPATH\View\View.php(213): include('C:\\xampp\\htdocs\\siakad-mts\\app\\Views\\layout\\content.php')
 7 SYSTEMPATH\View\View.php(216): CodeIgniter\View\View->CodeIgniter\View\{closure}()
 8 SYSTEMPATH\Common.php(1184): CodeIgniter\View\View->render('layout/content', [], true)
 9 APPPATH\Views\layout\wrapper.php(6): view('layout/content')
10 SYSTEMPATH\View\View.php(213): include('C:\\xampp\\htdocs\\siakad-mts\\app\\Views\\layout\\wrapper.php')
11 SYSTEMPATH\View\View.php(216): CodeIgniter\View\View->CodeIgniter\View\{closure}()
12 SYSTEMPATH\Common.php(1184): CodeIgniter\View\View->render('layout/wrapper', [], true)
13 APPPATH\Controllers\Romkel.php(25): view('layout/wrapper', [...])
14 SYSTEMPATH\CodeIgniter.php(934): App\Controllers\Romkel->index()
15 SYSTEMPATH\CodeIgniter.php(499): CodeIgniter\CodeIgniter->runController(Object(App\Controllers\Romkel))
16 SYSTEMPATH\CodeIgniter.php(368): CodeIgniter\CodeIgniter->handleRequest(null, Object(Config\Cache), false)
17 FCPATH\index.php(67): CodeIgniter\CodeIgniter->run()
CRITICAL - 2023-04-12 03:53:33 --> Undefined array key "nama_guru"
in APPPATH\Views\admin\v_romkel.php on line 109.
 1 APPPATH\Views\admin\v_romkel.php(109): CodeIgniter\Debug\Exceptions->errorHandler(2, 'Undefined array key "nama_guru"', 'C:\\xampp\\htdocs\\siakad-mts\\app\\Views\\admin\\v_romkel.php', 109)
 2 SYSTEMPATH\View\View.php(213): include('C:\\xampp\\htdocs\\siakad-mts\\app\\Views\\admin\\v_romkel.php')
 3 SYSTEMPATH\View\View.php(216): CodeIgniter\View\View->CodeIgniter\View\{closure}()
 4 SYSTEMPATH\Common.php(1184): CodeIgniter\View\View->render('admin/v_romkel', [], true)
 5 APPPATH\Views\layout\content.php(4): view('admin/v_romkel')
 6 SYSTEMPATH\View\View.php(213): include('C:\\xampp\\htdocs\\siakad-mts\\app\\Views\\layout\\content.php')
 7 SYSTEMPATH\View\View.php(216): CodeIgniter\View\View->CodeIgniter\View\{closure}()
 8 SYSTEMPATH\Common.php(1184): CodeIgniter\View\View->render('layout/content', [], true)
 9 APPPATH\Views\layout\wrapper.php(6): view('layout/content')
10 SYSTEMPATH\View\View.php(213): include('C:\\xampp\\htdocs\\siakad-mts\\app\\Views\\layout\\wrapper.php')
11 SYSTEMPATH\View\View.php(216): CodeIgniter\View\View->CodeIgniter\View\{closure}()
12 SYSTEMPATH\Common.php(1184): CodeIgniter\View\View->render('layout/wrapper', [], true)
13 APPPATH\Controllers\Romkel.php(25): view('layout/wrapper', [...])
14 SYSTEMPATH\CodeIgniter.php(934): App\Controllers\Romkel->index()
15 SYSTEMPATH\CodeIgniter.php(499): CodeIgniter\CodeIgniter->runController(Object(App\Controllers\Romkel))
16 SYSTEMPATH\CodeIgniter.php(368): CodeIgniter\CodeIgniter->handleRequest(null, Object(Config\Cache), false)
17 FCPATH\index.php(67): CodeIgniter\CodeIgniter->run()
ERROR - 2023-04-12 04:04:38 --> mysqli_sql_exception: Unknown column 'id_kelas' in 'field list' in C:\xampp\htdocs\siakad-mts\system\Database\MySQLi\Connection.php:295
Stack trace:
#0 C:\xampp\htdocs\siakad-mts\system\Database\MySQLi\Connection.php(295): mysqli->query('INSERT INTO `tb...', 0)
#1 C:\xampp\htdocs\siakad-mts\system\Database\BaseConnection.php(691): CodeIgniter\Database\MySQLi\Connection->execute('INSERT INTO `tb...')
#2 C:\xampp\htdocs\siakad-mts\system\Database\BaseConnection.php(605): CodeIgniter\Database\BaseConnection->simpleQuery('INSERT INTO `tb...')
#3 C:\xampp\htdocs\siakad-mts\system\Database\BaseBuilder.php(2309): CodeIgniter\Database\BaseConnection->query('INSERT INTO `tb...', Array, false)
#4 C:\xampp\htdocs\siakad-mts\app\Models\ModelRomkel.php(17): CodeIgniter\Database\BaseBuilder->insert(Array)
#5 C:\xampp\htdocs\siakad-mts\app\Controllers\Romkel.php(62): App\Models\ModelRomkel->add(Array)
#6 C:\xampp\htdocs\siakad-mts\system\CodeIgniter.php(934): App\Controllers\Romkel->add()
#7 C:\xampp\htdocs\siakad-mts\system\CodeIgniter.php(499): CodeIgniter\CodeIgniter->runController(Object(App\Controllers\Romkel))
#8 C:\xampp\htdocs\siakad-mts\system\CodeIgniter.php(368): CodeIgniter\CodeIgniter->handleRequest(NULL, Object(Config\Cache), false)
#9 C:\xampp\htdocs\siakad-mts\public\index.php(67): CodeIgniter\CodeIgniter->run()
#10 {main}
CRITICAL - 2023-04-12 04:04:38 --> Unknown column 'id_kelas' in 'field list'
in SYSTEMPATH\Database\MySQLi\Connection.php on line 295.
 1 SYSTEMPATH\Database\MySQLi\Connection.php(295): mysqli->query('INSERT INTO `tbl_mapel` (`id_kelas`, `id_guru`, `tahun_angkatan`) VALUES (\'Kelas 9A\', \'Hizbullah Sulthan Al Aziz, S.Kom\', \'2020\')', 0)
 2 SYSTEMPATH\Database\BaseConnection.php(691): CodeIgniter\Database\MySQLi\Connection->execute('INSERT INTO `tbl_mapel` (`id_kelas`, `id_guru`, `tahun_angkatan`) VALUES (\'Kelas 9A\', \'Hizbullah Sulthan Al Aziz, S.Kom\', \'2020\')')
 3 SYSTEMPATH\Database\BaseConnection.php(605): CodeIgniter\Database\BaseConnection->simpleQuery('INSERT INTO `tbl_mapel` (`id_kelas`, `id_guru`, `tahun_angkatan`) VALUES (\'Kelas 9A\', \'Hizbullah Sulthan Al Aziz, S.Kom\', \'2020\')')
 4 SYSTEMPATH\Database\BaseBuilder.php(2309): CodeIgniter\Database\BaseConnection->query('INSERT INTO `tbl_mapel` (`id_kelas`, `id_guru`, `tahun_angkatan`) VALUES (:id_kelas:, :id_guru:, :tahun_angkatan:)', [...], false)
 5 APPPATH\Models\ModelRomkel.php(17): CodeIgniter\Database\BaseBuilder->insert([...])
 6 APPPATH\Controllers\Romkel.php(62): App\Models\ModelRomkel->add([...])
 7 SYSTEMPATH\CodeIgniter.php(934): App\Controllers\Romkel->add()
 8 SYSTEMPATH\CodeIgniter.php(499): CodeIgniter\CodeIgniter->runController(Object(App\Controllers\Romkel))
 9 SYSTEMPATH\CodeIgniter.php(368): CodeIgniter\CodeIgniter->handleRequest(null, Object(Config\Cache), false)
10 FCPATH\index.php(67): CodeIgniter\CodeIgniter->run()
CRITICAL - 2023-04-12 04:18:13 --> syntax error, unexpected token "public"
in APPPATH\Controllers\Romkel.php on line 71.
 1 SYSTEMPATH\Router\Router.php(507): CodeIgniter\Router\AutoRouter->getRoute('romkel')
 2 SYSTEMPATH\Router\Router.php(206): CodeIgniter\Router\Router->autoRoute('romkel')
 3 SYSTEMPATH\CodeIgniter.php(815): CodeIgniter\Router\Router->handle('romkel')
 4 SYSTEMPATH\CodeIgniter.php(449): CodeIgniter\CodeIgniter->tryToRouteIt(Object(CodeIgniter\Router\RouteCollection))
 5 SYSTEMPATH\CodeIgniter.php(368): CodeIgniter\CodeIgniter->handleRequest(null, Object(Config\Cache), false)
 6 FCPATH\index.php(67): CodeIgniter\CodeIgniter->run()
CRITICAL - 2023-04-12 04:19:43 --> Undefined array key "id_user"
in APPPATH\Views\admin\v_romkel.php on line 144.
 1 APPPATH\Views\admin\v_romkel.php(144): CodeIgniter\Debug\Exceptions->errorHandler(2, 'Undefined array key "id_user"', 'C:\\xampp\\htdocs\\siakad-mts\\app\\Views\\admin\\v_romkel.php', 144)
 2 SYSTEMPATH\View\View.php(213): include('C:\\xampp\\htdocs\\siakad-mts\\app\\Views\\admin\\v_romkel.php')
 3 SYSTEMPATH\View\View.php(216): CodeIgniter\View\View->CodeIgniter\View\{closure}()
 4 SYSTEMPATH\Common.php(1184): CodeIgniter\View\View->render('admin/v_romkel', [], true)
 5 APPPATH\Views\layout\content.php(4): view('admin/v_romkel')
 6 SYSTEMPATH\View\View.php(213): include('C:\\xampp\\htdocs\\siakad-mts\\app\\Views\\layout\\content.php')
 7 SYSTEMPATH\View\View.php(216): CodeIgniter\View\View->CodeIgniter\View\{closure}()
 8 SYSTEMPATH\Common.php(1184): CodeIgniter\View\View->render('layout/content', [], true)
 9 APPPATH\Views\layout\wrapper.php(6): view('layout/content')
10 SYSTEMPATH\View\View.php(213): include('C:\\xampp\\htdocs\\siakad-mts\\app\\Views\\layout\\wrapper.php')
11 SYSTEMPATH\View\View.php(216): CodeIgniter\View\View->CodeIgniter\View\{closure}()
12 SYSTEMPATH\Common.php(1184): CodeIgniter\View\View->render('layout/wrapper', [], true)
13 APPPATH\Controllers\Romkel.php(28): view('layout/wrapper', [...])
14 SYSTEMPATH\CodeIgniter.php(934): App\Controllers\Romkel->index()
15 SYSTEMPATH\CodeIgniter.php(499): CodeIgniter\CodeIgniter->runController(Object(App\Controllers\Romkel))
16 SYSTEMPATH\CodeIgniter.php(368): CodeIgniter\CodeIgniter->handleRequest(null, Object(Config\Cache), false)
17 FCPATH\index.php(67): CodeIgniter\CodeIgniter->run()
CRITICAL - 2023-04-12 04:19:44 --> Undefined array key "id_user"
in APPPATH\Views\admin\v_romkel.php on line 144.
 1 APPPATH\Views\admin\v_romkel.php(144): CodeIgniter\Debug\Exceptions->errorHandler(2, 'Undefined array key "id_user"', 'C:\\xampp\\htdocs\\siakad-mts\\app\\Views\\admin\\v_romkel.php', 144)
 2 SYSTEMPATH\View\View.php(213): include('C:\\xampp\\htdocs\\siakad-mts\\app\\Views\\admin\\v_romkel.php')
 3 SYSTEMPATH\View\View.php(216): CodeIgniter\View\View->CodeIgniter\View\{closure}()
 4 SYSTEMPATH\Common.php(1184): CodeIgniter\View\View->render('admin/v_romkel', [], true)
 5 APPPATH\Views\layout\content.php(4): view('admin/v_romkel')
 6 SYSTEMPATH\View\View.php(213): include('C:\\xampp\\htdocs\\siakad-mts\\app\\Views\\layout\\content.php')
 7 SYSTEMPATH\View\View.php(216): CodeIgniter\View\View->CodeIgniter\View\{closure}()
 8 SYSTEMPATH\Common.php(1184): CodeIgniter\View\View->render('layout/content', [], true)
 9 APPPATH\Views\layout\wrapper.php(6): view('layout/content')
10 SYSTEMPATH\View\View.php(213): include('C:\\xampp\\htdocs\\siakad-mts\\app\\Views\\layout\\wrapper.php')
11 SYSTEMPATH\View\View.php(216): CodeIgniter\View\View->CodeIgniter\View\{closure}()
12 SYSTEMPATH\Common.php(1184): CodeIgniter\View\View->render('layout/wrapper', [], true)
13 APPPATH\Controllers\Romkel.php(28): view('layout/wrapper', [...])
14 SYSTEMPATH\CodeIgniter.php(934): App\Controllers\Romkel->index()
15 SYSTEMPATH\CodeIgniter.php(499): CodeIgniter\CodeIgniter->runController(Object(App\Controllers\Romkel))
16 SYSTEMPATH\CodeIgniter.php(368): CodeIgniter\CodeIgniter->handleRequest(null, Object(Config\Cache), false)
17 FCPATH\index.php(67): CodeIgniter\CodeIgniter->run()
CRITICAL - 2023-04-12 04:19:45 --> Undefined array key "id_user"
in APPPATH\Views\admin\v_romkel.php on line 144.
 1 APPPATH\Views\admin\v_romkel.php(144): CodeIgniter\Debug\Exceptions->errorHandler(2, 'Undefined array key "id_user"', 'C:\\xampp\\htdocs\\siakad-mts\\app\\Views\\admin\\v_romkel.php', 144)
 2 SYSTEMPATH\View\View.php(213): include('C:\\xampp\\htdocs\\siakad-mts\\app\\Views\\admin\\v_romkel.php')
 3 SYSTEMPATH\View\View.php(216): CodeIgniter\View\View->CodeIgniter\View\{closure}()
 4 SYSTEMPATH\Common.php(1184): CodeIgniter\View\View->render('admin/v_romkel', [], true)
 5 APPPATH\Views\layout\content.php(4): view('admin/v_romkel')
 6 SYSTEMPATH\View\View.php(213): include('C:\\xampp\\htdocs\\siakad-mts\\app\\Views\\layout\\content.php')
 7 SYSTEMPATH\View\View.php(216): CodeIgniter\View\View->CodeIgniter\View\{closure}()
 8 SYSTEMPATH\Common.php(1184): CodeIgniter\View\View->render('layout/content', [], true)
 9 APPPATH\Views\layout\wrapper.php(6): view('layout/content')
10 SYSTEMPATH\View\View.php(213): include('C:\\xampp\\htdocs\\siakad-mts\\app\\Views\\layout\\wrapper.php')
11 SYSTEMPATH\View\View.php(216): CodeIgniter\View\View->CodeIgniter\View\{closure}()
12 SYSTEMPATH\Common.php(1184): CodeIgniter\View\View->render('layout/wrapper', [], true)
13 APPPATH\Controllers\Romkel.php(28): view('layout/wrapper', [...])
14 SYSTEMPATH\CodeIgniter.php(934): App\Controllers\Romkel->index()
15 SYSTEMPATH\CodeIgniter.php(499): CodeIgniter\CodeIgniter->runController(Object(App\Controllers\Romkel))
16 SYSTEMPATH\CodeIgniter.php(368): CodeIgniter\CodeIgniter->handleRequest(null, Object(Config\Cache), false)
17 FCPATH\index.php(67): CodeIgniter\CodeIgniter->run()
CRITICAL - 2023-04-12 04:19:46 --> Undefined array key "id_user"
in APPPATH\Views\admin\v_romkel.php on line 144.
 1 APPPATH\Views\admin\v_romkel.php(144): CodeIgniter\Debug\Exceptions->errorHandler(2, 'Undefined array key "id_user"', 'C:\\xampp\\htdocs\\siakad-mts\\app\\Views\\admin\\v_romkel.php', 144)
 2 SYSTEMPATH\View\View.php(213): include('C:\\xampp\\htdocs\\siakad-mts\\app\\Views\\admin\\v_romkel.php')
 3 SYSTEMPATH\View\View.php(216): CodeIgniter\View\View->CodeIgniter\View\{closure}()
 4 SYSTEMPATH\Common.php(1184): CodeIgniter\View\View->render('admin/v_romkel', [], true)
 5 APPPATH\Views\layout\content.php(4): view('admin/v_romkel')
 6 SYSTEMPATH\View\View.php(213): include('C:\\xampp\\htdocs\\siakad-mts\\app\\Views\\layout\\content.php')
 7 SYSTEMPATH\View\View.php(216): CodeIgniter\View\View->CodeIgniter\View\{closure}()
 8 SYSTEMPATH\Common.php(1184): CodeIgniter\View\View->render('layout/content', [], true)
 9 APPPATH\Views\layout\wrapper.php(6): view('layout/content')
10 SYSTEMPATH\View\View.php(213): include('C:\\xampp\\htdocs\\siakad-mts\\app\\Views\\layout\\wrapper.php')
11 SYSTEMPATH\View\View.php(216): CodeIgniter\View\View->CodeIgniter\View\{closure}()
12 SYSTEMPATH\Common.php(1184): CodeIgniter\View\View->render('layout/wrapper', [], true)
13 APPPATH\Controllers\Romkel.php(28): view('layout/wrapper', [...])
14 SYSTEMPATH\CodeIgniter.php(934): App\Controllers\Romkel->index()
15 SYSTEMPATH\CodeIgniter.php(499): CodeIgniter\CodeIgniter->runController(Object(App\Controllers\Romkel))
16 SYSTEMPATH\CodeIgniter.php(368): CodeIgniter\CodeIgniter->handleRequest(null, Object(Config\Cache), false)
17 FCPATH\index.php(67): CodeIgniter\CodeIgniter->run()
CRITICAL - 2023-04-12 04:19:46 --> Undefined array key "id_user"
in APPPATH\Views\admin\v_romkel.php on line 144.
 1 APPPATH\Views\admin\v_romkel.php(144): CodeIgniter\Debug\Exceptions->errorHandler(2, 'Undefined array key "id_user"', 'C:\\xampp\\htdocs\\siakad-mts\\app\\Views\\admin\\v_romkel.php', 144)
 2 SYSTEMPATH\View\View.php(213): include('C:\\xampp\\htdocs\\siakad-mts\\app\\Views\\admin\\v_romkel.php')
 3 SYSTEMPATH\View\View.php(216): CodeIgniter\View\View->CodeIgniter\View\{closure}()
 4 SYSTEMPATH\Common.php(1184): CodeIgniter\View\View->render('admin/v_romkel', [], true)
 5 APPPATH\Views\layout\content.php(4): view('admin/v_romkel')
 6 SYSTEMPATH\View\View.php(213): include('C:\\xampp\\htdocs\\siakad-mts\\app\\Views\\layout\\content.php')
 7 SYSTEMPATH\View\View.php(216): CodeIgniter\View\View->CodeIgniter\View\{closure}()
 8 SYSTEMPATH\Common.php(1184): CodeIgniter\View\View->render('layout/content', [], true)
 9 APPPATH\Views\layout\wrapper.php(6): view('layout/content')
10 SYSTEMPATH\View\View.php(213): include('C:\\xampp\\htdocs\\siakad-mts\\app\\Views\\layout\\wrapper.php')
11 SYSTEMPATH\View\View.php(216): CodeIgniter\View\View->CodeIgniter\View\{closure}()
12 SYSTEMPATH\Common.php(1184): CodeIgniter\View\View->render('layout/wrapper', [], true)
13 APPPATH\Controllers\Romkel.php(28): view('layout/wrapper', [...])
14 SYSTEMPATH\CodeIgniter.php(934): App\Controllers\Romkel->index()
15 SYSTEMPATH\CodeIgniter.php(499): CodeIgniter\CodeIgniter->runController(Object(App\Controllers\Romkel))
16 SYSTEMPATH\CodeIgniter.php(368): CodeIgniter\CodeIgniter->handleRequest(null, Object(Config\Cache), false)
17 FCPATH\index.php(67): CodeIgniter\CodeIgniter->run()
CRITICAL - 2023-04-12 04:19:46 --> Undefined array key "id_user"
in APPPATH\Views\admin\v_romkel.php on line 144.
 1 APPPATH\Views\admin\v_romkel.php(144): CodeIgniter\Debug\Exceptions->errorHandler(2, 'Undefined array key "id_user"', 'C:\\xampp\\htdocs\\siakad-mts\\app\\Views\\admin\\v_romkel.php', 144)
 2 SYSTEMPATH\View\View.php(213): include('C:\\xampp\\htdocs\\siakad-mts\\app\\Views\\admin\\v_romkel.php')
 3 SYSTEMPATH\View\View.php(216): CodeIgniter\View\View->CodeIgniter\View\{closure}()
 4 SYSTEMPATH\Common.php(1184): CodeIgniter\View\View->render('admin/v_romkel', [], true)
 5 APPPATH\Views\layout\content.php(4): view('admin/v_romkel')
 6 SYSTEMPATH\View\View.php(213): include('C:\\xampp\\htdocs\\siakad-mts\\app\\Views\\layout\\content.php')
 7 SYSTEMPATH\View\View.php(216): CodeIgniter\View\View->CodeIgniter\View\{closure}()
 8 SYSTEMPATH\Common.php(1184): CodeIgniter\View\View->render('layout/content', [], true)
 9 APPPATH\Views\layout\wrapper.php(6): view('layout/content')
10 SYSTEMPATH\View\View.php(213): include('C:\\xampp\\htdocs\\siakad-mts\\app\\Views\\layout\\wrapper.php')
11 SYSTEMPATH\View\View.php(216): CodeIgniter\View\View->CodeIgniter\View\{closure}()
12 SYSTEMPATH\Common.php(1184): CodeIgniter\View\View->render('layout/wrapper', [], true)
13 APPPATH\Controllers\Romkel.php(28): view('layout/wrapper', [...])
14 SYSTEMPATH\CodeIgniter.php(934): App\Controllers\Romkel->index()
15 SYSTEMPATH\CodeIgniter.php(499): CodeIgniter\CodeIgniter->runController(Object(App\Controllers\Romkel))
16 SYSTEMPATH\CodeIgniter.php(368): CodeIgniter\CodeIgniter->handleRequest(null, Object(Config\Cache), false)
17 FCPATH\index.php(67): CodeIgniter\CodeIgniter->run()
CRITICAL - 2023-04-12 04:20:07 --> Undefined array key "nama_kelas"
in APPPATH\Views\admin\v_romkel.php on line 154.
 1 APPPATH\Views\admin\v_romkel.php(154): CodeIgniter\Debug\Exceptions->errorHandler(2, 'Undefined array key "nama_kelas"', 'C:\\xampp\\htdocs\\siakad-mts\\app\\Views\\admin\\v_romkel.php', 154)
 2 SYSTEMPATH\View\View.php(213): include('C:\\xampp\\htdocs\\siakad-mts\\app\\Views\\admin\\v_romkel.php')
 3 SYSTEMPATH\View\View.php(216): CodeIgniter\View\View->CodeIgniter\View\{closure}()
 4 SYSTEMPATH\Common.php(1184): CodeIgniter\View\View->render('admin/v_romkel', [], true)
 5 APPPATH\Views\layout\content.php(4): view('admin/v_romkel')
 6 SYSTEMPATH\View\View.php(213): include('C:\\xampp\\htdocs\\siakad-mts\\app\\Views\\layout\\content.php')
 7 SYSTEMPATH\View\View.php(216): CodeIgniter\View\View->CodeIgniter\View\{closure}()
 8 SYSTEMPATH\Common.php(1184): CodeIgniter\View\View->render('layout/content', [], true)
 9 APPPATH\Views\layout\wrapper.php(6): view('layout/content')
10 SYSTEMPATH\View\View.php(213): include('C:\\xampp\\htdocs\\siakad-mts\\app\\Views\\layout\\wrapper.php')
11 SYSTEMPATH\View\View.php(216): CodeIgniter\View\View->CodeIgniter\View\{closure}()
12 SYSTEMPATH\Common.php(1184): CodeIgniter\View\View->render('layout/wrapper', [], true)
13 APPPATH\Controllers\Romkel.php(28): view('layout/wrapper', [...])
14 SYSTEMPATH\CodeIgniter.php(934): App\Controllers\Romkel->index()
15 SYSTEMPATH\CodeIgniter.php(499): CodeIgniter\CodeIgniter->runController(Object(App\Controllers\Romkel))
16 SYSTEMPATH\CodeIgniter.php(368): CodeIgniter\CodeIgniter->handleRequest(null, Object(Config\Cache), false)
17 FCPATH\index.php(67): CodeIgniter\CodeIgniter->run()
CRITICAL - 2023-04-12 04:28:00 --> Invalid file: "admin/v_romkel.php"
in SYSTEMPATH\Exceptions\FrameworkException.php on line 33.
 1 SYSTEMPATH\View\View.php(201): CodeIgniter\Exceptions\FrameworkException::forInvalidFile('admin/v_romkel.php')
 2 SYSTEMPATH\Common.php(1184): CodeIgniter\View\View->render('admin/v_romkel', [], true)
 3 APPPATH\Views\layout\content.php(4): view('admin/v_romkel')
 4 SYSTEMPATH\View\View.php(213): include('C:\\xampp\\htdocs\\siakad-mts\\app\\Views\\layout\\content.php')
 5 SYSTEMPATH\View\View.php(216): CodeIgniter\View\View->CodeIgniter\View\{closure}()
 6 SYSTEMPATH\Common.php(1184): CodeIgniter\View\View->render('layout/content', [], true)
 7 APPPATH\Views\layout\wrapper.php(6): view('layout/content')
 8 SYSTEMPATH\View\View.php(213): include('C:\\xampp\\htdocs\\siakad-mts\\app\\Views\\layout\\wrapper.php')
 9 SYSTEMPATH\View\View.php(216): CodeIgniter\View\View->CodeIgniter\View\{closure}()
10 SYSTEMPATH\Common.php(1184): CodeIgniter\View\View->render('layout/wrapper', [], true)
11 APPPATH\Controllers\Romkel.php(28): view('layout/wrapper', [...])
12 SYSTEMPATH\CodeIgniter.php(934): App\Controllers\Romkel->index()
13 SYSTEMPATH\CodeIgniter.php(499): CodeIgniter\CodeIgniter->runController(Object(App\Controllers\Romkel))
14 SYSTEMPATH\CodeIgniter.php(368): CodeIgniter\CodeIgniter->handleRequest(null, Object(Config\Cache), false)
15 FCPATH\index.php(67): CodeIgniter\CodeIgniter->run()
CRITICAL - 2023-04-12 04:38:31 --> Too few arguments to function App\Controllers\Romkel::rincianKelas(), 0 passed in C:\xampp\htdocs\siakad-mts\system\CodeIgniter.php on line 934 and exactly 1 expected
in APPPATH\Controllers\Romkel.php on line 81.
 1 SYSTEMPATH\CodeIgniter.php(934): App\Controllers\Romkel->rincianKelas()
 2 SYSTEMPATH\CodeIgniter.php(499): CodeIgniter\CodeIgniter->runController(Object(App\Controllers\Romkel))
 3 SYSTEMPATH\CodeIgniter.php(368): CodeIgniter\CodeIgniter->handleRequest(null, Object(Config\Cache), false)
 4 FCPATH\index.php(67): CodeIgniter\CodeIgniter->run()
CRITICAL - 2023-04-12 05:27:20 --> Undefined variable $romkel
in APPPATH\Controllers\Romkel.php on line 83.
 1 APPPATH\Controllers\Romkel.php(83): CodeIgniter\Debug\Exceptions->errorHandler(2, 'Undefined variable $romkel', 'C:\\xampp\\htdocs\\siakad-mts\\app\\Controllers\\Romkel.php', 83)
 2 SYSTEMPATH\CodeIgniter.php(934): App\Controllers\Romkel->rincian_kelas('1')
 3 SYSTEMPATH\CodeIgniter.php(499): CodeIgniter\CodeIgniter->runController(Object(App\Controllers\Romkel))
 4 SYSTEMPATH\CodeIgniter.php(368): CodeIgniter\CodeIgniter->handleRequest(null, Object(Config\Cache), false)
 5 FCPATH\index.php(67): CodeIgniter\CodeIgniter->run()
CRITICAL - 2023-04-12 05:30:10 --> Unclosed '{' on line 64
in APPPATH\Views\admin\romkel\v_rincian_kelas.php on line 84.
 1 SYSTEMPATH\View\View.php(216): CodeIgniter\View\View->CodeIgniter\View\{closure}()
 2 SYSTEMPATH\Common.php(1184): CodeIgniter\View\View->render('admin/romkel/v_rincian_kelas', [], true)
 3 APPPATH\Views\layout\content.php(4): view('admin/romkel/v_rincian_kelas')
 4 SYSTEMPATH\View\View.php(213): include('C:\\xampp\\htdocs\\siakad-mts\\app\\Views\\layout\\content.php')
 5 SYSTEMPATH\View\View.php(216): CodeIgniter\View\View->CodeIgniter\View\{closure}()
 6 SYSTEMPATH\Common.php(1184): CodeIgniter\View\View->render('layout/content', [], true)
 7 APPPATH\Views\layout\wrapper.php(6): view('layout/content')
 8 SYSTEMPATH\View\View.php(213): include('C:\\xampp\\htdocs\\siakad-mts\\app\\Views\\layout\\wrapper.php')
 9 SYSTEMPATH\View\View.php(216): CodeIgniter\View\View->CodeIgniter\View\{closure}()
10 SYSTEMPATH\Common.php(1184): CodeIgniter\View\View->render('layout/wrapper', [], true)
11 APPPATH\Controllers\Romkel.php(88): view('layout/wrapper', [...])
12 SYSTEMPATH\CodeIgniter.php(934): App\Controllers\Romkel->rincian_kelas('1')
13 SYSTEMPATH\CodeIgniter.php(499): CodeIgniter\CodeIgniter->runController(Object(App\Controllers\Romkel))
14 SYSTEMPATH\CodeIgniter.php(368): CodeIgniter\CodeIgniter->handleRequest(null, Object(Config\Cache), false)
15 FCPATH\index.php(67): CodeIgniter\CodeIgniter->run()
CRITICAL - 2023-04-12 05:32:13 --> Undefined variable $no
in APPPATH\Views\admin\romkel\v_rincian_kelas.php on line 63.
 1 APPPATH\Views\admin\romkel\v_rincian_kelas.php(63): CodeIgniter\Debug\Exceptions->errorHandler(2, 'Undefined variable $no', 'C:\\xampp\\htdocs\\siakad-mts\\app\\Views\\admin\\romkel\\v_rincian_kelas.php', 63)
 2 SYSTEMPATH\View\View.php(213): include('C:\\xampp\\htdocs\\siakad-mts\\app\\Views\\admin\\romkel\\v_rincian_kelas.php')
 3 SYSTEMPATH\View\View.php(216): CodeIgniter\View\View->CodeIgniter\View\{closure}()
 4 SYSTEMPATH\Common.php(1184): CodeIgniter\View\View->render('admin/romkel/v_rincian_kelas', [], true)
 5 APPPATH\Views\layout\content.php(4): view('admin/romkel/v_rincian_kelas')
 6 SYSTEMPATH\View\View.php(213): include('C:\\xampp\\htdocs\\siakad-mts\\app\\Views\\layout\\content.php')
 7 SYSTEMPATH\View\View.php(216): CodeIgniter\View\View->CodeIgniter\View\{closure}()
 8 SYSTEMPATH\Common.php(1184): CodeIgniter\View\View->render('layout/content', [], true)
 9 APPPATH\Views\layout\wrapper.php(6): view('layout/content')
10 SYSTEMPATH\View\View.php(213): include('C:\\xampp\\htdocs\\siakad-mts\\app\\Views\\layout\\wrapper.php')
11 SYSTEMPATH\View\View.php(216): CodeIgniter\View\View->CodeIgniter\View\{closure}()
12 SYSTEMPATH\Common.php(1184): CodeIgniter\View\View->render('layout/wrapper', [], true)
13 APPPATH\Controllers\Romkel.php(88): view('layout/wrapper', [...])
14 SYSTEMPATH\CodeIgniter.php(934): App\Controllers\Romkel->rincian_kelas('1')
15 SYSTEMPATH\CodeIgniter.php(499): CodeIgniter\CodeIgniter->runController(Object(App\Controllers\Romkel))
16 SYSTEMPATH\CodeIgniter.php(368): CodeIgniter\CodeIgniter->handleRequest(null, Object(Config\Cache), false)
17 FCPATH\index.php(67): CodeIgniter\CodeIgniter->run()
CRITICAL - 2023-04-12 05:49:14 --> Undefined variable $value
in APPPATH\Models\ModelRomkel.php on line 45.
 1 APPPATH\Models\ModelRomkel.php(45): CodeIgniter\Debug\Exceptions->errorHandler(2, 'Undefined variable $value', 'C:\\xampp\\htdocs\\siakad-mts\\app\\Models\\ModelRomkel.php', 45)
 2 APPPATH\Controllers\Romkel.php(86): App\Models\ModelRomkel->jml_siswa('1')
 3 SYSTEMPATH\CodeIgniter.php(934): App\Controllers\Romkel->rincian_kelas('1')
 4 SYSTEMPATH\CodeIgniter.php(499): CodeIgniter\CodeIgniter->runController(Object(App\Controllers\Romkel))
 5 SYSTEMPATH\CodeIgniter.php(368): CodeIgniter\CodeIgniter->handleRequest(null, Object(Config\Cache), false)
 6 FCPATH\index.php(67): CodeIgniter\CodeIgniter->run()
CRITICAL - 2023-04-12 06:53:18 --> Undefined array key "id_romkel"
in APPPATH\Models\ModelRomkel.php on line 61.
 1 APPPATH\Models\ModelRomkel.php(61): CodeIgniter\Debug\Exceptions->errorHandler(2, 'Undefined array key "id_romkel"', 'C:\\xampp\\htdocs\\siakad-mts\\app\\Models\\ModelRomkel.php', 61)
 2 APPPATH\Controllers\Romkel.php(98): App\Models\ModelRomkel->update_siswa([...])
 3 SYSTEMPATH\CodeIgniter.php(934): App\Controllers\Romkel->add_anggota_kelas('18', '1')
 4 SYSTEMPATH\CodeIgniter.php(499): CodeIgniter\CodeIgniter->runController(Object(App\Controllers\Romkel))
 5 SYSTEMPATH\CodeIgniter.php(368): CodeIgniter\CodeIgniter->handleRequest(null, Object(Config\Cache), false)
 6 FCPATH\index.php(67): CodeIgniter\CodeIgniter->run()
ERROR - 2023-04-12 06:56:57 --> mysqli_sql_exception: Duplicate entry '18' for key 'PRIMARY' in C:\xampp\htdocs\siakad-mts\system\Database\MySQLi\Connection.php:295
Stack trace:
#0 C:\xampp\htdocs\siakad-mts\system\Database\MySQLi\Connection.php(295): mysqli->query('UPDATE `tbl_sis...', 0)
#1 C:\xampp\htdocs\siakad-mts\system\Database\BaseConnection.php(691): CodeIgniter\Database\MySQLi\Connection->execute('UPDATE `tbl_sis...')
#2 C:\xampp\htdocs\siakad-mts\system\Database\BaseConnection.php(605): CodeIgniter\Database\BaseConnection->simpleQuery('UPDATE `tbl_sis...')
#3 C:\xampp\htdocs\siakad-mts\system\Database\BaseBuilder.php(2476): CodeIgniter\Database\BaseConnection->query('UPDATE `tbl_sis...', Array, false)
#4 C:\xampp\htdocs\siakad-mts\app\Models\ModelRomkel.php(62): CodeIgniter\Database\BaseBuilder->update(Array)
#5 C:\xampp\htdocs\siakad-mts\app\Controllers\Romkel.php(98): App\Models\ModelRomkel->update_siswa(Array)
#6 C:\xampp\htdocs\siakad-mts\system\CodeIgniter.php(934): App\Controllers\Romkel->add_anggota_kelas('18', '1')
#7 C:\xampp\htdocs\siakad-mts\system\CodeIgniter.php(499): CodeIgniter\CodeIgniter->runController(Object(App\Controllers\Romkel))
#8 C:\xampp\htdocs\siakad-mts\system\CodeIgniter.php(368): CodeIgniter\CodeIgniter->handleRequest(NULL, Object(Config\Cache), false)
#9 C:\xampp\htdocs\siakad-mts\public\index.php(67): CodeIgniter\CodeIgniter->run()
#10 {main}
CRITICAL - 2023-04-12 06:56:57 --> Duplicate entry '18' for key 'PRIMARY'
in SYSTEMPATH\Database\MySQLi\Connection.php on line 295.
 1 SYSTEMPATH\Database\MySQLi\Connection.php(295): mysqli->query('UPDATE `tbl_siswa` SET `id_siswa` = \'18\', `id_romkel` = \'1\'
WHERE `id_romkel` = \'1\'', 0)
 2 SYSTEMPATH\Database\BaseConnection.php(691): CodeIgniter\Database\MySQLi\Connection->execute('UPDATE `tbl_siswa` SET `id_siswa` = \'18\', `id_romkel` = \'1\'
WHERE `id_romkel` = \'1\'')
 3 SYSTEMPATH\Database\BaseConnection.php(605): CodeIgniter\Database\BaseConnection->simpleQuery('UPDATE `tbl_siswa` SET `id_siswa` = \'18\', `id_romkel` = \'1\'
WHERE `id_romkel` = \'1\'')
 4 SYSTEMPATH\Database\BaseBuilder.php(2476): CodeIgniter\Database\BaseConnection->query('UPDATE `tbl_siswa` SET `id_siswa` = :id_siswa:, `id_romkel` = :id_romkel.1:
WHERE `id_romkel` = :id_romkel:', [...], false)
 5 APPPATH\Models\ModelRomkel.php(62): CodeIgniter\Database\BaseBuilder->update([...])
 6 APPPATH\Controllers\Romkel.php(98): App\Models\ModelRomkel->update_siswa([...])
 7 SYSTEMPATH\CodeIgniter.php(934): App\Controllers\Romkel->add_anggota_kelas('18', '1')
 8 SYSTEMPATH\CodeIgniter.php(499): CodeIgniter\CodeIgniter->runController(Object(App\Controllers\Romkel))
 9 SYSTEMPATH\CodeIgniter.php(368): CodeIgniter\CodeIgniter->handleRequest(null, Object(Config\Cache), false)
10 FCPATH\index.php(67): CodeIgniter\CodeIgniter->run()
