CRITICAL - 2023-04-22 13:30:01 --> Call to undefined method CodeIgniter\Session\Session::userdata()
in APPPATH\Models\ModelPengajar.php on line 13.
 1 APPPATH\Controllers\Pengajar.php(26): App\Models\ModelPengajar->JadwalPengajar()
 2 SYSTEMPATH\CodeIgniter.php(934): App\Controllers\Pengajar->jadwal()
 3 SYSTEMPATH\CodeIgniter.php(499): CodeIgniter\CodeIgniter->runController(Object(App\Controllers\Pengajar))
 4 SYSTEMPATH\CodeIgniter.php(368): CodeIgniter\CodeIgniter->handleRequest(null, Object(Config\Cache), false)
 5 FCPATH\index.php(67): CodeIgniter\CodeIgniter->run()
CRITICAL - 2023-04-22 13:49:25 --> Undefined array key "nam_guru"
in APPPATH\Views\pengajar\v_jadwal.php on line 25.
 1 APPPATH\Views\pengajar\v_jadwal.php(25): CodeIgniter\Debug\Exceptions->errorHandler(2, 'Undefined array key "nam_guru"', 'C:\\xampp\\htdocs\\siakad-mts\\app\\Views\\pengajar\\v_jadwal.php', 25)
 2 SYSTEMPATH\View\View.php(213): include('C:\\xampp\\htdocs\\siakad-mts\\app\\Views\\pengajar\\v_jadwal.php')
 3 SYSTEMPATH\View\View.php(216): CodeIgniter\View\View->CodeIgniter\View\{closure}()
 4 SYSTEMPATH\Common.php(1184): CodeIgniter\View\View->render('pengajar/v_jadwal', [], true)
 5 APPPATH\Views\layout\content.php(4): view('pengajar/v_jadwal')
 6 SYSTEMPATH\View\View.php(213): include('C:\\xampp\\htdocs\\siakad-mts\\app\\Views\\layout\\content.php')
 7 SYSTEMPATH\View\View.php(216): CodeIgniter\View\View->CodeIgniter\View\{closure}()
 8 SYSTEMPATH\Common.php(1184): CodeIgniter\View\View->render('layout/content', [], true)
 9 APPPATH\Views\layout\wrapper.php(6): view('layout/content')
10 SYSTEMPATH\View\View.php(213): include('C:\\xampp\\htdocs\\siakad-mts\\app\\Views\\layout\\wrapper.php')
11 SYSTEMPATH\View\View.php(216): CodeIgniter\View\View->CodeIgniter\View\{closure}()
12 SYSTEMPATH\Common.php(1184): CodeIgniter\View\View->render('layout/wrapper', [], true)
13 APPPATH\Controllers\Pengajar.php(29): view('layout/wrapper', [...])
14 SYSTEMPATH\CodeIgniter.php(934): App\Controllers\Pengajar->jadwal()
15 SYSTEMPATH\CodeIgniter.php(499): CodeIgniter\CodeIgniter->runController(Object(App\Controllers\Pengajar))
16 SYSTEMPATH\CodeIgniter.php(368): CodeIgniter\CodeIgniter->handleRequest(null, Object(Config\Cache), false)
17 FCPATH\index.php(67): CodeIgniter\CodeIgniter->run()
